<?xml version="1.0" encoding="UTF-8"?>
<testsuite name="TestSuite" time="0.131" tests="41" errors="0" skipped="38" failures="3">
  <properties>
[...]
</properties>
  <testcase name="verifySignInLink" classname="com.priceline.regressionSuite.Test0012_VerifyPriceLineMyTripHoverAndClickOnCheckYourFlightStatus" time="0.015">
    <failure type="java.lang.NullPointerException:"><![CDATA[java.lang.NullPointerException: null
	at org.openqa.selenium.interactions.Actions.<init>(Actions.java:44)
	at com.priceline.pricelinePages.LandingPage.clickOnCheckYourFlightStatus(LandingPage.java:111)
	at com.priceline.regressionSuite.Test0012_VerifyPriceLineMyTripHoverAndClickOnCheckYourFlightStatus.verifySignInLink(Test0012_VerifyPriceLineMyTripHoverAndClickOnCheckYourFlightStatus.java:16)
]]></failure>
  </testcase>
  <testcase name="handleScreenShot" classname="com.priceline.regressionSuite.Test0012_VerifyPriceLineMyTripHoverAndClickOnCheckYourFlightStatus" time="0.017">
    <failure type="java.lang.NullPointerException:">java.lang.NullPointerException: null
	at com.priceline.utilities.WebDriverActivity.captureScreenShot(WebDriverActivity.java:212)
	at com.priceline.utilities.WebDriverActivity.handleScreenShot(WebDriverActivity.java:151)
	at sun.reflect.NativeMethodAccessorImpl.invoke0(Native Method)
	at sun.reflect.NativeMethodAccessorImpl.invoke(NativeMethodAccessorImpl.java:62)
	at sun.reflect.DelegatingMethodAccessorImpl.invoke(DelegatingMethodAccessorImpl.java:43)
	at java.lang.reflect.Method.invoke(Method.java:498)
	at org.testng.internal.MethodInvocationHelper.invokeMethod(MethodInvocationHelper.java:86)
	at org.testng.internal.Invoker.invokeConfigurationMethod(Invoker.java:514)
	at org.testng.internal.Invoker.invokeConfigurations(Invoker.java:215)
	at org.testng.internal.Invoker.invokeMethod(Invoker.java:707)
	at org.testng.internal.Invoker.invokeTestMethod(Invoker.java:820)
	at org.testng.internal.Invoker.invokeTestMethods(Invoker.java:1128)
	at org.testng.internal.TestMethodWorker.invokeTestMethods(TestMethodWorker.java:129)
	at org.testng.internal.TestMethodWorker.run(TestMethodWorker.java:112)
	at org.testng.TestRunner.privateRun(TestRunner.java:782)
	at org.testng.TestRunner.run(TestRunner.java:632)
	at org.testng.SuiteRunner.runTest(SuiteRunner.java:366)
	at org.testng.SuiteRunner.runSequentially(SuiteRunner.java:361)
	at org.testng.SuiteRunner.privateRun(SuiteRunner.java:319)
	at org.testng.SuiteRunner.run(SuiteRunner.java:268)
	at org.testng.SuiteRunnerWorker.runSuite(SuiteRunnerWorker.java:52)
	at org.testng.SuiteRunnerWorker.run(SuiteRunnerWorker.java:86)
	at org.testng.TestNG.runSuitesSequentially(TestNG.java:1244)
	at org.testng.TestNG.runSuitesLocally(TestNG.java:1169)
	at org.testng.TestNG.run(TestNG.java:1064)
	at org.apache.maven.surefire.testng.TestNGExecutor.run(TestNGExecutor.java:295)
	at org.apache.maven.surefire.testng.TestNGXmlTestSuite.execute(TestNGXmlTestSuite.java:84)
	at org.apache.maven.surefire.testng.TestNGProvider.invoke(TestNGProvider.java:90)
	at org.apache.maven.surefire.booter.ForkedBooter.invokeProviderInSameClassLoader(ForkedBooter.java:203)
	at org.apache.maven.surefire.booter.ForkedBooter.runSuitesInProcess(ForkedBooter.java:155)
	at org.apache.maven.surefire.booter.ForkedBooter.main(ForkedBooter.java:103)
</failure>
  </testcase>
  <testcase name="verifySignInLink" classname="com.priceline.regressionSuite.Test0019_VerifyPriceLineHelpHoverAndClickOnProfilePasswordHelp" time="0">
    <skipped/>
  </testcase>
  <testcase name="handleScreenShot" classname="com.priceline.regressionSuite.Test0019_VerifyPriceLineHelpHoverAndClickOnProfilePasswordHelp" time="0">
    <skipped/>
  </testcase>
  <testcase name="verifySignInLink" classname="com.priceline.regressionSuite.Test0020_VerifyPriceLineHelpHoverAndClickOnContactUs" time="0">
    <skipped/>
  </testcase>
  <testcase name="handleScreenShot" classname="com.priceline.regressionSuite.Test0020_VerifyPriceLineHelpHoverAndClickOnContactUs" time="0">
    <skipped/>
  </testcase>
  <testcase name="verifySignInLink" classname="com.priceline.regressionSuite.Test0015_VerifyPriceLineHelpLinkMouseHover" time="0">
    <skipped/>
  </testcase>
  <testcase name="handleScreenShot" classname="com.priceline.regressionSuite.Test0015_VerifyPriceLineHelpLinkMouseHover" time="0">
    <skipped/>
  </testcase>
  <testcase name="verifySignInLink" classname="com.priceline.regressionSuite.Test0013_VerifyPriceLineMyTripHoverAndClickOnViewPrintorEmailYourItinerary" time="0">
    <skipped/>
  </testcase>
  <testcase name="handleScreenShot" classname="com.priceline.regressionSuite.Test0013_VerifyPriceLineMyTripHoverAndClickOnViewPrintorEmailYourItinerary" time="0">
    <skipped/>
  </testcase>
  <testcase name="verifySignInLink" classname="com.priceline.regressionSuite.Test0017_VerifyPriceLineHelpHoverAndClickOnFrequentlyAskedQuestions" time="0">
    <skipped/>
  </testcase>
  <testcase name="handleScreenShot" classname="com.priceline.regressionSuite.Test0017_VerifyPriceLineHelpHoverAndClickOnFrequentlyAskedQuestions" time="0">
    <skipped/>
  </testcase>
  <testcase name="verifyPricelinecomLink" classname="com.priceline.regressionSuite.Tc001_VerifyPriceLineDotcomLink" time="0">
    <skipped/>
  </testcase>
  <testcase name="handleScreenShot" classname="com.priceline.regressionSuite.Tc001_VerifyPriceLineDotcomLink" time="0">
    <skipped/>
  </testcase>
  <testcase name="verifyPricelinecomLink" classname="com.priceline.regressionSuite.Test003_VerifyPriceLineHotelLink" time="0">
    <skipped/>
  </testcase>
  <testcase name="handleScreenShot" classname="com.priceline.regressionSuite.Test003_VerifyPriceLineHotelLink" time="0">
    <skipped/>
  </testcase>
  <testcase name="verifySignInLink" classname="com.priceline.regressionSuite.Test0016_VerifyPriceLineHelpHoverAndClickOnSelfServiceLink" time="0">
    <skipped/>
  </testcase>
  <testcase name="handleScreenShot" classname="com.priceline.regressionSuite.Test0016_VerifyPriceLineHelpHoverAndClickOnSelfServiceLink" time="0">
    <skipped/>
  </testcase>
  <testcase name="verifySignInLink" classname="com.priceline.regressionSuite.Test0010_VerifyPriceLineMyTripsLinkMouseHover" time="0">
    <skipped/>
  </testcase>
  <testcase name="handleScreenShot" classname="com.priceline.regressionSuite.Test0010_VerifyPriceLineMyTripsLinkMouseHover" time="0">
    <skipped/>
  </testcase>
  <testcase name="verifyPricelinecomLink" classname="com.priceline.regressionSuite.Tc006_VerifyPrichLineCruisesLink" time="0">
    <skipped/>
  </testcase>
  <testcase name="handleScreenShot" classname="com.priceline.regressionSuite.Tc006_VerifyPrichLineCruisesLink" time="0">
    <skipped/>
  </testcase>
  <testcase name="verifySignInLink" classname="com.priceline.regressionSuite.Test008_VerifyPriceLineSignInLinkClick" time="0">
    <skipped/>
  </testcase>
  <testcase name="handleScreenShot" classname="com.priceline.regressionSuite.Test008_VerifyPriceLineSignInLinkClick" time="0">
    <skipped/>
  </testcase>
  <testcase name="verifySignInLink" classname="com.priceline.regressionSuite.Test0018_VerifyPriceLineHelpHoverAndClickOnFindYourRequestNumber" time="0">
    <skipped/>
  </testcase>
  <testcase name="handleScreenShot" classname="com.priceline.regressionSuite.Test0018_VerifyPriceLineHelpHoverAndClickOnFindYourRequestNumber" time="0">
    <skipped/>
  </testcase>
  <testcase name="verifyPricelinecomLink" classname="com.priceline.regressionSuite.Test002_VerifyPriceLineCarLink" time="0">
    <skipped/>
  </testcase>
  <testcase name="handleScreenShot" classname="com.priceline.regressionSuite.Test002_VerifyPriceLineCarLink" time="0">
    <skipped/>
  </testcase>
  <testcase name="verifySignInLink" classname="com.priceline.regressionSuite.Test009_VerifyPriceLineRegisterLink" time="0">
    <skipped/>
  </testcase>
  <testcase name="handleScreenShot" classname="com.priceline.regressionSuite.Test009_VerifyPriceLineRegisterLink" time="0">
    <skipped/>
  </testcase>
  <testcase name="verifyPricelinecomLink" classname="com.priceline.regressionSuite.Tc005_VerifyPrichLinePackagesLink" time="0">
    <skipped/>
  </testcase>
  <testcase name="handleScreenShot" classname="com.priceline.regressionSuite.Tc005_VerifyPrichLinePackagesLink" time="0">
    <skipped/>
  </testcase>
  <testcase name="verifySignInLink" classname="com.priceline.regressionSuite.Test0011_VerifyPriceLineMyTripHoverAndClickOnMyProfileLink" time="0">
    <skipped/>
  </testcase>
  <testcase name="handleScreenShot" classname="com.priceline.regressionSuite.Test0011_VerifyPriceLineMyTripHoverAndClickOnMyProfileLink" time="0">
    <skipped/>
  </testcase>
  <testcase name="verifyPricelinecomLink" classname="com.priceline.regressionSuite.Tc004_VerifyPrichLineFlightsLink" time="0">
    <skipped/>
  </testcase>
  <testcase name="handleScreenShot" classname="com.priceline.regressionSuite.Tc004_VerifyPrichLineFlightsLink" time="0">
    <skipped/>
  </testcase>
  <testcase name="verifySignInLink" classname="com.priceline.regressionSuite.Test007_VerifyPriceLineSignInLinkMouseHover" time="0">
    <skipped/>
  </testcase>
  <testcase name="handleScreenShot" classname="com.priceline.regressionSuite.Test007_VerifyPriceLineSignInLinkMouseHover" time="0">
    <skipped/>
  </testcase>
  <testcase name="verifySignInLink" classname="com.priceline.regressionSuite.Test0014_VerifyPriceLineMyTripHoverAndClickOnCheckYourRequestStatus" time="0">
    <skipped/>
  </testcase>
  <testcase name="handleScreenShot" classname="com.priceline.regressionSuite.Test0014_VerifyPriceLineMyTripHoverAndClickOnCheckYourRequestStatus" time="0">
    <skipped/>
  </testcase>
  <testcase name="teardown" classname="com.priceline.utilities.WebDriverActivity" time="0.099">
    <failure type="java.lang.NullPointerException:">java.lang.NullPointerException: null
	at com.priceline.utilities.WebDriverActivity.teardown(WebDriverActivity.java:168)
</failure>
  </testcase>
</testsuite>