<?xml version="1.0" encoding="UTF-8"?>
<testng-results skipped="19" failed="1" total="20" passed="0">
  <reporter-output>
  </reporter-output>
  <suite name="Suite" duration-ms="102" started-at="2016-04-18T02:05:17Z" finished-at="2016-04-18T02:05:17Z">
    <groups>
    </groups>
    <test name="Test_chrome_windows" duration-ms="102" started-at="2016-04-18T02:05:17Z" finished-at="2016-04-18T02:05:17Z">
      <class name="com.priceline.regressionSuite.Test0014_VerifyPriceLineMyTripHoverAndClickOnCheckYourRequestStatus">
        <test-method status="SKIP" signature="verifySignInLink()[pri:0, instance:com.priceline.regressionSuite.Test0014_VerifyPriceLineMyTripHoverAndClickOnCheckYourRequestStatus@234bef66]" name="verifySignInLink" duration-ms="1" started-at="2016-04-17T22:05:17Z" description="Verify Header Links" finished-at="2016-04-17T22:05:17Z">
          <reporter-output>
          </reporter-output>
        </test-method> <!-- verifySignInLink -->
        <test-method status="SKIP" signature="handleScreenShot(org.testng.ITestResult)[pri:0, instance:com.priceline.regressionSuite.Test0014_VerifyPriceLineMyTripHoverAndClickOnCheckYourRequestStatus@234bef66]" name="handleScreenShot" is-config="true" duration-ms="0" started-at="2016-04-17T22:05:17Z" finished-at="2016-04-17T22:05:17Z">
          <reporter-output>
          </reporter-output>
        </test-method> <!-- handleScreenShot -->
      </class> <!-- com.priceline.regressionSuite.Test0014_VerifyPriceLineMyTripHoverAndClickOnCheckYourRequestStatus -->
      <class name="com.priceline.regressionSuite.Test0016_VerifyPriceLineHelpHoverAndClickOnSelfServiceLink">
        <test-method status="SKIP" signature="handleScreenShot(org.testng.ITestResult)[pri:0, instance:com.priceline.regressionSuite.Test0016_VerifyPriceLineHelpHoverAndClickOnSelfServiceLink@7225790e]" name="handleScreenShot" is-config="true" duration-ms="0" started-at="2016-04-17T22:05:17Z" finished-at="2016-04-17T22:05:17Z">
          <reporter-output>
          </reporter-output>
        </test-method> <!-- handleScreenShot -->
        <test-method status="SKIP" signature="verifySignInLink()[pri:0, instance:com.priceline.regressionSuite.Test0016_VerifyPriceLineHelpHoverAndClickOnSelfServiceLink@7225790e]" name="verifySignInLink" duration-ms="0" started-at="2016-04-17T22:05:17Z" description="Verify Header Links" finished-at="2016-04-17T22:05:17Z">
          <reporter-output>
          </reporter-output>
        </test-method> <!-- verifySignInLink -->
      </class> <!-- com.priceline.regressionSuite.Test0016_VerifyPriceLineHelpHoverAndClickOnSelfServiceLink -->
      <class name="com.priceline.regressionSuite.Test0017_VerifyPriceLineHelpHoverAndClickOnFrequentlyAskedQuestions">
        <test-method status="SKIP" signature="handleScreenShot(org.testng.ITestResult)[pri:0, instance:com.priceline.regressionSuite.Test0017_VerifyPriceLineHelpHoverAndClickOnFrequentlyAskedQuestions@6df97b55]" name="handleScreenShot" is-config="true" duration-ms="0" started-at="2016-04-17T22:05:17Z" finished-at="2016-04-17T22:05:17Z">
          <reporter-output>
          </reporter-output>
        </test-method> <!-- handleScreenShot -->
        <test-method status="SKIP" signature="verifySignInLink()[pri:0, instance:com.priceline.regressionSuite.Test0017_VerifyPriceLineHelpHoverAndClickOnFrequentlyAskedQuestions@6df97b55]" name="verifySignInLink" duration-ms="0" started-at="2016-04-17T22:05:17Z" description="Verify Header Links" finished-at="2016-04-17T22:05:17Z">
          <reporter-output>
          </reporter-output>
        </test-method> <!-- verifySignInLink -->
      </class> <!-- com.priceline.regressionSuite.Test0017_VerifyPriceLineHelpHoverAndClickOnFrequentlyAskedQuestions -->
      <class name="com.priceline.regressionSuite.Test0010_VerifyPriceLineMyTripsLinkMouseHover">
        <test-method status="SKIP" signature="verifySignInLink()[pri:0, instance:com.priceline.regressionSuite.Test0010_VerifyPriceLineMyTripsLinkMouseHover@54a097cc]" name="verifySignInLink" duration-ms="1" started-at="2016-04-17T22:05:17Z" description="Verify Header Links" finished-at="2016-04-17T22:05:17Z">
          <reporter-output>
          </reporter-output>
        </test-method> <!-- verifySignInLink -->
        <test-method status="SKIP" signature="handleScreenShot(org.testng.ITestResult)[pri:0, instance:com.priceline.regressionSuite.Test0010_VerifyPriceLineMyTripsLinkMouseHover@54a097cc]" name="handleScreenShot" is-config="true" duration-ms="0" started-at="2016-04-17T22:05:17Z" finished-at="2016-04-17T22:05:17Z">
          <reporter-output>
          </reporter-output>
        </test-method> <!-- handleScreenShot -->
      </class> <!-- com.priceline.regressionSuite.Test0010_VerifyPriceLineMyTripsLinkMouseHover -->
      <class name="com.priceline.regressionSuite.Test009_VerifyPriceLineRegisterLink">
        <test-method status="SKIP" signature="verifySignInLink()[pri:0, instance:com.priceline.regressionSuite.Test009_VerifyPriceLineRegisterLink@52af6cff]" name="verifySignInLink" duration-ms="1" started-at="2016-04-17T22:05:17Z" description="Verify Header Links" finished-at="2016-04-17T22:05:17Z">
          <reporter-output>
          </reporter-output>
        </test-method> <!-- verifySignInLink -->
        <test-method status="SKIP" signature="handleScreenShot(org.testng.ITestResult)[pri:0, instance:com.priceline.regressionSuite.Test009_VerifyPriceLineRegisterLink@52af6cff]" name="handleScreenShot" is-config="true" duration-ms="0" started-at="2016-04-17T22:05:17Z" finished-at="2016-04-17T22:05:17Z">
          <reporter-output>
          </reporter-output>
        </test-method> <!-- handleScreenShot -->
      </class> <!-- com.priceline.regressionSuite.Test009_VerifyPriceLineRegisterLink -->
      <class name="com.priceline.regressionSuite.Test002_VerifyPriceLineCarLink">
        <test-method status="SKIP" signature="verifyPricelinecomLink()[pri:0, instance:com.priceline.regressionSuite.Test002_VerifyPriceLineCarLink@531be3c5]" name="verifyPricelinecomLink" duration-ms="0" started-at="2016-04-17T22:05:17Z" description="Verify Car Link" finished-at="2016-04-17T22:05:17Z">
          <reporter-output>
          </reporter-output>
        </test-method> <!-- verifyPricelinecomLink -->
        <test-method status="SKIP" signature="handleScreenShot(org.testng.ITestResult)[pri:0, instance:com.priceline.regressionSuite.Test002_VerifyPriceLineCarLink@531be3c5]" name="handleScreenShot" is-config="true" duration-ms="0" started-at="2016-04-17T22:05:17Z" finished-at="2016-04-17T22:05:17Z">
          <reporter-output>
          </reporter-output>
        </test-method> <!-- handleScreenShot -->
      </class> <!-- com.priceline.regressionSuite.Test002_VerifyPriceLineCarLink -->
      <class name="com.priceline.regressionSuite.Tc006_VerifyPrichLineCruisesLink">
        <test-method status="SKIP" signature="verifyPricelinecomLink()[pri:0, instance:com.priceline.regressionSuite.Tc006_VerifyPrichLineCruisesLink@36f6e879]" name="verifyPricelinecomLink" duration-ms="0" started-at="2016-04-17T22:05:17Z" description="Verify Header Links" finished-at="2016-04-17T22:05:17Z">
          <reporter-output>
          </reporter-output>
        </test-method> <!-- verifyPricelinecomLink -->
        <test-method status="SKIP" signature="handleScreenShot(org.testng.ITestResult)[pri:0, instance:com.priceline.regressionSuite.Tc006_VerifyPrichLineCruisesLink@36f6e879]" name="handleScreenShot" is-config="true" duration-ms="0" started-at="2016-04-17T22:05:17Z" finished-at="2016-04-17T22:05:17Z">
          <reporter-output>
          </reporter-output>
        </test-method> <!-- handleScreenShot -->
      </class> <!-- com.priceline.regressionSuite.Tc006_VerifyPrichLineCruisesLink -->
      <class name="com.priceline.regressionSuite.Tc004_VerifyPrichLineFlightsLink">
        <test-method status="SKIP" signature="verifyPricelinecomLink()[pri:0, instance:com.priceline.regressionSuite.Tc004_VerifyPrichLineFlightsLink@2096442d]" name="verifyPricelinecomLink" duration-ms="1" started-at="2016-04-17T22:05:17Z" description="Verify Header Links" finished-at="2016-04-17T22:05:17Z">
          <reporter-output>
          </reporter-output>
        </test-method> <!-- verifyPricelinecomLink -->
        <test-method status="SKIP" signature="handleScreenShot(org.testng.ITestResult)[pri:0, instance:com.priceline.regressionSuite.Tc004_VerifyPrichLineFlightsLink@2096442d]" name="handleScreenShot" is-config="true" duration-ms="0" started-at="2016-04-17T22:05:17Z" finished-at="2016-04-17T22:05:17Z">
          <reporter-output>
          </reporter-output>
        </test-method> <!-- handleScreenShot -->
      </class> <!-- com.priceline.regressionSuite.Tc004_VerifyPrichLineFlightsLink -->
      <class name="com.priceline.regressionSuite.Test0018_VerifyPriceLineHelpHoverAndClickOnFindYourRequestNumber">
        <test-method status="SKIP" signature="verifySignInLink()[pri:0, instance:com.priceline.regressionSuite.Test0018_VerifyPriceLineHelpHoverAndClickOnFindYourRequestNumber@3551a94]" name="verifySignInLink" duration-ms="0" started-at="2016-04-17T22:05:17Z" description="Verify Header Links" finished-at="2016-04-17T22:05:17Z">
          <reporter-output>
          </reporter-output>
        </test-method> <!-- verifySignInLink -->
        <test-method status="SKIP" signature="handleScreenShot(org.testng.ITestResult)[pri:0, instance:com.priceline.regressionSuite.Test0018_VerifyPriceLineHelpHoverAndClickOnFindYourRequestNumber@3551a94]" name="handleScreenShot" is-config="true" duration-ms="0" started-at="2016-04-17T22:05:17Z" finished-at="2016-04-17T22:05:17Z">
          <reporter-output>
          </reporter-output>
        </test-method> <!-- handleScreenShot -->
      </class> <!-- com.priceline.regressionSuite.Test0018_VerifyPriceLineHelpHoverAndClickOnFindYourRequestNumber -->
      <class name="com.priceline.regressionSuite.Test0019_VerifyPriceLineHelpHoverAndClickOnProfilePasswordHelp">
        <test-method status="SKIP" signature="verifySignInLink()[pri:0, instance:com.priceline.regressionSuite.Test0019_VerifyPriceLineHelpHoverAndClickOnProfilePasswordHelp@6537cf78]" name="verifySignInLink" duration-ms="0" started-at="2016-04-17T22:05:17Z" description="Verify Header Links" finished-at="2016-04-17T22:05:17Z">
          <reporter-output>
          </reporter-output>
        </test-method> <!-- verifySignInLink -->
        <test-method status="SKIP" signature="handleScreenShot(org.testng.ITestResult)[pri:0, instance:com.priceline.regressionSuite.Test0019_VerifyPriceLineHelpHoverAndClickOnProfilePasswordHelp@6537cf78]" name="handleScreenShot" is-config="true" duration-ms="0" started-at="2016-04-17T22:05:17Z" finished-at="2016-04-17T22:05:17Z">
          <reporter-output>
          </reporter-output>
        </test-method> <!-- handleScreenShot -->
      </class> <!-- com.priceline.regressionSuite.Test0019_VerifyPriceLineHelpHoverAndClickOnProfilePasswordHelp -->
      <class name="com.priceline.regressionSuite.Test0012_VerifyPriceLineMyTripHoverAndClickOnCheckYourFlightStatus">
        <test-method status="FAIL" signature="verifySignInLink()[pri:0, instance:com.priceline.regressionSuite.Test0012_VerifyPriceLineMyTripHoverAndClickOnCheckYourFlightStatus@617c74e5]" name="verifySignInLink" duration-ms="5" started-at="2016-04-17T22:05:17Z" description="Verify Header Links" finished-at="2016-04-17T22:05:17Z">
          <exception class="java.lang.NullPointerException">
            <full-stacktrace>
              <![CDATA[java.lang.NullPointerException
	at org.openqa.selenium.interactions.Actions.<init>(Actions.java:44)
	at com.priceline.pricelinePages.LandingPage.clickOnCheckYourFlightStatus(LandingPage.java:111)
	at com.priceline.regressionSuite.Test0012_VerifyPriceLineMyTripHoverAndClickOnCheckYourFlightStatus.verifySignInLink(Test0012_VerifyPriceLineMyTripHoverAndClickOnCheckYourFlightStatus.java:16)
	at sun.reflect.NativeMethodAccessorImpl.invoke0(Native Method)
	at sun.reflect.NativeMethodAccessorImpl.invoke(NativeMethodAccessorImpl.java:62)
	at sun.reflect.DelegatingMethodAccessorImpl.invoke(DelegatingMethodAccessorImpl.java:43)
	at java.lang.reflect.Method.invoke(Method.java:498)
	at org.testng.internal.MethodInvocationHelper.invokeMethod(MethodInvocationHelper.java:86)
	at org.testng.internal.Invoker.invokeMethod(Invoker.java:643)
	at org.testng.internal.Invoker.invokeTestMethod(Invoker.java:820)
	at org.testng.internal.Invoker.invokeTestMethods(Invoker.java:1128)
	at org.testng.internal.TestMethodWorker.invokeTestMethods(TestMethodWorker.java:129)
	at org.testng.internal.TestMethodWorker.run(TestMethodWorker.java:112)
	at org.testng.TestRunner.privateRun(TestRunner.java:782)
	at org.testng.TestRunner.run(TestRunner.java:632)
	at org.testng.SuiteRunner.runTest(SuiteRunner.java:366)
	at org.testng.SuiteRunner.runSequentially(SuiteRunner.java:361)
	at org.testng.SuiteRunner.privateRun(SuiteRunner.java:319)
	at org.testng.SuiteRunner.run(SuiteRunner.java:268)
	at org.testng.SuiteRunnerWorker.runSuite(SuiteRunnerWorker.java:52)
	at org.testng.SuiteRunnerWorker.run(SuiteRunnerWorker.java:86)
	at org.testng.TestNG.runSuitesSequentially(TestNG.java:1244)
	at org.testng.TestNG.runSuitesLocally(TestNG.java:1169)
	at org.testng.TestNG.run(TestNG.java:1064)
	at org.apache.maven.surefire.testng.TestNGExecutor.run(TestNGExecutor.java:295)
	at org.apache.maven.surefire.testng.TestNGXmlTestSuite.execute(TestNGXmlTestSuite.java:84)
	at org.apache.maven.surefire.testng.TestNGProvider.invoke(TestNGProvider.java:90)
	at org.apache.maven.surefire.booter.ForkedBooter.invokeProviderInSameClassLoader(ForkedBooter.java:203)
	at org.apache.maven.surefire.booter.ForkedBooter.runSuitesInProcess(ForkedBooter.java:155)
	at org.apache.maven.surefire.booter.ForkedBooter.main(ForkedBooter.java:103)
]]>
            </full-stacktrace>
          </exception> <!-- java.lang.NullPointerException -->
          <reporter-output>
          </reporter-output>
        </test-method> <!-- verifySignInLink -->
        <test-method status="FAIL" signature="handleScreenShot(org.testng.ITestResult)[pri:0, instance:com.priceline.regressionSuite.Test0012_VerifyPriceLineMyTripHoverAndClickOnCheckYourFlightStatus@617c74e5]" name="handleScreenShot" is-config="true" duration-ms="0" started-at="2016-04-17T22:05:17Z" finished-at="2016-04-17T22:05:17Z">
          <params>
            <param index="0">
              <value>
                <![CDATA[[TestResult name=verifySignInLink status=FAILURE method=Test0012_VerifyPriceLineMyTripHoverAndClickOnCheckYourFlightStatus.verifySignInLink()[pri:0, instance:com.priceline.regressionSuite.Test0012_VerifyPriceLineMyTripHoverAndClickOnCheckYourFlightStatus@617c74e5] output={null}]]]>
              </value>
            </param>
          </params>
          <exception class="java.lang.NullPointerException">
            <full-stacktrace>
              <![CDATA[java.lang.NullPointerException
	at com.priceline.utilities.WebDriverActivity.captureScreenShot(WebDriverActivity.java:212)
	at com.priceline.utilities.WebDriverActivity.handleScreenShot(WebDriverActivity.java:151)
	at sun.reflect.NativeMethodAccessorImpl.invoke0(Native Method)
	at sun.reflect.NativeMethodAccessorImpl.invoke(NativeMethodAccessorImpl.java:62)
	at sun.reflect.DelegatingMethodAccessorImpl.invoke(DelegatingMethodAccessorImpl.java:43)
	at java.lang.reflect.Method.invoke(Method.java:498)
	at org.testng.internal.MethodInvocationHelper.invokeMethod(MethodInvocationHelper.java:86)
	at org.testng.internal.Invoker.invokeConfigurationMethod(Invoker.java:514)
	at org.testng.internal.Invoker.invokeConfigurations(Invoker.java:215)
	at org.testng.internal.Invoker.invokeMethod(Invoker.java:707)
	at org.testng.internal.Invoker.invokeTestMethod(Invoker.java:820)
	at org.testng.internal.Invoker.invokeTestMethods(Invoker.java:1128)
	at org.testng.internal.TestMethodWorker.invokeTestMethods(TestMethodWorker.java:129)
	at org.testng.internal.TestMethodWorker.run(TestMethodWorker.java:112)
	at org.testng.TestRunner.privateRun(TestRunner.java:782)
	at org.testng.TestRunner.run(TestRunner.java:632)
	at org.testng.SuiteRunner.runTest(SuiteRunner.java:366)
	at org.testng.SuiteRunner.runSequentially(SuiteRunner.java:361)
	at org.testng.SuiteRunner.privateRun(SuiteRunner.java:319)
	at org.testng.SuiteRunner.run(SuiteRunner.java:268)
	at org.testng.SuiteRunnerWorker.runSuite(SuiteRunnerWorker.java:52)
	at org.testng.SuiteRunnerWorker.run(SuiteRunnerWorker.java:86)
	at org.testng.TestNG.runSuitesSequentially(TestNG.java:1244)
	at org.testng.TestNG.runSuitesLocally(TestNG.java:1169)
	at org.testng.TestNG.run(TestNG.java:1064)
	at org.apache.maven.surefire.testng.TestNGExecutor.run(TestNGExecutor.java:295)
	at org.apache.maven.surefire.testng.TestNGXmlTestSuite.execute(TestNGXmlTestSuite.java:84)
	at org.apache.maven.surefire.testng.TestNGProvider.invoke(TestNGProvider.java:90)
	at org.apache.maven.surefire.booter.ForkedBooter.invokeProviderInSameClassLoader(ForkedBooter.java:203)
	at org.apache.maven.surefire.booter.ForkedBooter.runSuitesInProcess(ForkedBooter.java:155)
	at org.apache.maven.surefire.booter.ForkedBooter.main(ForkedBooter.java:103)
]]>
            </full-stacktrace>
          </exception> <!-- java.lang.NullPointerException -->
          <reporter-output>
          </reporter-output>
        </test-method> <!-- handleScreenShot -->
      </class> <!-- com.priceline.regressionSuite.Test0012_VerifyPriceLineMyTripHoverAndClickOnCheckYourFlightStatus -->
      <class name="com.priceline.regressionSuite.Test0015_VerifyPriceLineHelpLinkMouseHover">
        <test-method status="SKIP" signature="verifySignInLink()[pri:0, instance:com.priceline.regressionSuite.Test0015_VerifyPriceLineHelpLinkMouseHover@34b7bfc0]" name="verifySignInLink" duration-ms="0" started-at="2016-04-17T22:05:17Z" description="Verify Header Links" finished-at="2016-04-17T22:05:17Z">
          <reporter-output>
          </reporter-output>
        </test-method> <!-- verifySignInLink -->
        <test-method status="SKIP" signature="handleScreenShot(org.testng.ITestResult)[pri:0, instance:com.priceline.regressionSuite.Test0015_VerifyPriceLineHelpLinkMouseHover@34b7bfc0]" name="handleScreenShot" is-config="true" duration-ms="0" started-at="2016-04-17T22:05:17Z" finished-at="2016-04-17T22:05:17Z">
          <reporter-output>
          </reporter-output>
        </test-method> <!-- handleScreenShot -->
      </class> <!-- com.priceline.regressionSuite.Test0015_VerifyPriceLineHelpLinkMouseHover -->
      <class name="com.priceline.regressionSuite.Test0020_VerifyPriceLineHelpHoverAndClickOnContactUs">
        <test-method status="SKIP" signature="verifySignInLink()[pri:0, instance:com.priceline.regressionSuite.Test0020_VerifyPriceLineHelpHoverAndClickOnContactUs@67b6d4ae]" name="verifySignInLink" duration-ms="0" started-at="2016-04-17T22:05:17Z" description="Verify Header Links" finished-at="2016-04-17T22:05:17Z">
          <reporter-output>
          </reporter-output>
        </test-method> <!-- verifySignInLink -->
        <test-method status="SKIP" signature="handleScreenShot(org.testng.ITestResult)[pri:0, instance:com.priceline.regressionSuite.Test0020_VerifyPriceLineHelpHoverAndClickOnContactUs@67b6d4ae]" name="handleScreenShot" is-config="true" duration-ms="0" started-at="2016-04-17T22:05:17Z" finished-at="2016-04-17T22:05:17Z">
          <reporter-output>
          </reporter-output>
        </test-method> <!-- handleScreenShot -->
      </class> <!-- com.priceline.regressionSuite.Test0020_VerifyPriceLineHelpHoverAndClickOnContactUs -->
      <class name="com.priceline.regressionSuite.Test007_VerifyPriceLineSignInLinkMouseHover">
        <test-method status="SKIP" signature="verifySignInLink()[pri:0, instance:com.priceline.regressionSuite.Test007_VerifyPriceLineSignInLinkMouseHover@9f70c54]" name="verifySignInLink" duration-ms="1" started-at="2016-04-17T22:05:17Z" description="Verify Header Links" finished-at="2016-04-17T22:05:17Z">
          <reporter-output>
          </reporter-output>
        </test-method> <!-- verifySignInLink -->
        <test-method status="SKIP" signature="handleScreenShot(org.testng.ITestResult)[pri:0, instance:com.priceline.regressionSuite.Test007_VerifyPriceLineSignInLinkMouseHover@9f70c54]" name="handleScreenShot" is-config="true" duration-ms="0" started-at="2016-04-17T22:05:17Z" finished-at="2016-04-17T22:05:17Z">
          <reporter-output>
          </reporter-output>
        </test-method> <!-- handleScreenShot -->
      </class> <!-- com.priceline.regressionSuite.Test007_VerifyPriceLineSignInLinkMouseHover -->
      <class name="com.priceline.regressionSuite.Test0011_VerifyPriceLineMyTripHoverAndClickOnMyProfileLink">
        <test-method status="SKIP" signature="verifySignInLink()[pri:0, instance:com.priceline.regressionSuite.Test0011_VerifyPriceLineMyTripHoverAndClickOnMyProfileLink@2c9f9fb0]" name="verifySignInLink" duration-ms="0" started-at="2016-04-17T22:05:17Z" description="Verify Header Links" finished-at="2016-04-17T22:05:17Z">
          <reporter-output>
          </reporter-output>
        </test-method> <!-- verifySignInLink -->
        <test-method status="SKIP" signature="handleScreenShot(org.testng.ITestResult)[pri:0, instance:com.priceline.regressionSuite.Test0011_VerifyPriceLineMyTripHoverAndClickOnMyProfileLink@2c9f9fb0]" name="handleScreenShot" is-config="true" duration-ms="0" started-at="2016-04-17T22:05:17Z" finished-at="2016-04-17T22:05:17Z">
          <reporter-output>
          </reporter-output>
        </test-method> <!-- handleScreenShot -->
      </class> <!-- com.priceline.regressionSuite.Test0011_VerifyPriceLineMyTripHoverAndClickOnMyProfileLink -->
      <class name="com.priceline.regressionSuite.Test008_VerifyPriceLineSignInLinkClick">
        <test-method status="SKIP" signature="handleScreenShot(org.testng.ITestResult)[pri:0, instance:com.priceline.regressionSuite.Test008_VerifyPriceLineSignInLinkClick@5a61f5df]" name="handleScreenShot" is-config="true" duration-ms="0" started-at="2016-04-17T22:05:17Z" finished-at="2016-04-17T22:05:17Z">
          <reporter-output>
          </reporter-output>
        </test-method> <!-- handleScreenShot -->
        <test-method status="SKIP" signature="verifySignInLink()[pri:0, instance:com.priceline.regressionSuite.Test008_VerifyPriceLineSignInLinkClick@5a61f5df]" name="verifySignInLink" duration-ms="0" started-at="2016-04-17T22:05:17Z" description="Verify Header Links" finished-at="2016-04-17T22:05:17Z">
          <reporter-output>
          </reporter-output>
        </test-method> <!-- verifySignInLink -->
      </class> <!-- com.priceline.regressionSuite.Test008_VerifyPriceLineSignInLinkClick -->
      <class name="com.priceline.regressionSuite.Test003_VerifyPriceLineHotelLink">
        <test-method status="SKIP" signature="verifyPricelinecomLink()[pri:0, instance:com.priceline.regressionSuite.Test003_VerifyPriceLineHotelLink@35fb3008]" name="verifyPricelinecomLink" duration-ms="0" started-at="2016-04-17T22:05:17Z" description="Verify Header Links" finished-at="2016-04-17T22:05:17Z">
          <reporter-output>
          </reporter-output>
        </test-method> <!-- verifyPricelinecomLink -->
        <test-method status="SKIP" signature="handleScreenShot(org.testng.ITestResult)[pri:0, instance:com.priceline.regressionSuite.Test003_VerifyPriceLineHotelLink@35fb3008]" name="handleScreenShot" is-config="true" duration-ms="0" started-at="2016-04-17T22:05:17Z" finished-at="2016-04-17T22:05:17Z">
          <reporter-output>
          </reporter-output>
        </test-method> <!-- handleScreenShot -->
      </class> <!-- com.priceline.regressionSuite.Test003_VerifyPriceLineHotelLink -->
      <class name="com.priceline.utilities.WebDriverActivity">
        <test-method status="PASS" signature="setUp()[pri:0, instance:com.priceline.utilities.WebDriverActivity@2d3fcdbd]" name="setUp" is-config="true" duration-ms="19587" started-at="2016-04-17T22:04:57Z" finished-at="2016-04-17T22:05:17Z">
          <reporter-output>
          </reporter-output>
        </test-method> <!-- setUp -->
        <test-method status="FAIL" signature="teardown()[pri:0, instance:com.priceline.utilities.WebDriverActivity@2d3fcdbd]" name="teardown" is-config="true" duration-ms="0" started-at="2016-04-17T22:05:17Z" finished-at="2016-04-17T22:05:17Z">
          <exception class="java.lang.NullPointerException">
            <full-stacktrace>
              <![CDATA[java.lang.NullPointerException
	at com.priceline.utilities.WebDriverActivity.teardown(WebDriverActivity.java:168)
	at sun.reflect.NativeMethodAccessorImpl.invoke0(Native Method)
	at sun.reflect.NativeMethodAccessorImpl.invoke(NativeMethodAccessorImpl.java:62)
	at sun.reflect.DelegatingMethodAccessorImpl.invoke(DelegatingMethodAccessorImpl.java:43)
	at java.lang.reflect.Method.invoke(Method.java:498)
	at org.testng.internal.MethodInvocationHelper.invokeMethod(MethodInvocationHelper.java:86)
	at org.testng.internal.Invoker.invokeConfigurationMethod(Invoker.java:514)
	at org.testng.internal.Invoker.invokeConfigurations(Invoker.java:215)
	at org.testng.internal.Invoker.invokeConfigurations(Invoker.java:142)
	at org.testng.SuiteRunner.privateRun(SuiteRunner.java:336)
	at org.testng.SuiteRunner.run(SuiteRunner.java:268)
	at org.testng.SuiteRunnerWorker.runSuite(SuiteRunnerWorker.java:52)
	at org.testng.SuiteRunnerWorker.run(SuiteRunnerWorker.java:86)
	at org.testng.TestNG.runSuitesSequentially(TestNG.java:1244)
	at org.testng.TestNG.runSuitesLocally(TestNG.java:1169)
	at org.testng.TestNG.run(TestNG.java:1064)
	at org.apache.maven.surefire.testng.TestNGExecutor.run(TestNGExecutor.java:295)
	at org.apache.maven.surefire.testng.TestNGXmlTestSuite.execute(TestNGXmlTestSuite.java:84)
	at org.apache.maven.surefire.testng.TestNGProvider.invoke(TestNGProvider.java:90)
	at org.apache.maven.surefire.booter.ForkedBooter.invokeProviderInSameClassLoader(ForkedBooter.java:203)
	at org.apache.maven.surefire.booter.ForkedBooter.runSuitesInProcess(ForkedBooter.java:155)
	at org.apache.maven.surefire.booter.ForkedBooter.main(ForkedBooter.java:103)
]]>
            </full-stacktrace>
          </exception> <!-- java.lang.NullPointerException -->
          <reporter-output>
          </reporter-output>
        </test-method> <!-- teardown -->
      </class> <!-- com.priceline.utilities.WebDriverActivity -->
      <class name="com.priceline.regressionSuite.Tc001_VerifyPriceLineDotcomLink">
        <test-method status="SKIP" signature="verifyPricelinecomLink()[pri:0, instance:com.priceline.regressionSuite.Tc001_VerifyPriceLineDotcomLink@3cbbc1e0]" name="verifyPricelinecomLink" duration-ms="1" started-at="2016-04-17T22:05:17Z" description="Verify Header Links" finished-at="2016-04-17T22:05:17Z">
          <reporter-output>
          </reporter-output>
        </test-method> <!-- verifyPricelinecomLink -->
        <test-method status="SKIP" signature="handleScreenShot(org.testng.ITestResult)[pri:0, instance:com.priceline.regressionSuite.Tc001_VerifyPriceLineDotcomLink@3cbbc1e0]" name="handleScreenShot" is-config="true" duration-ms="0" started-at="2016-04-17T22:05:17Z" finished-at="2016-04-17T22:05:17Z">
          <reporter-output>
          </reporter-output>
        </test-method> <!-- handleScreenShot -->
      </class> <!-- com.priceline.regressionSuite.Tc001_VerifyPriceLineDotcomLink -->
      <class name="com.priceline.regressionSuite.Test0013_VerifyPriceLineMyTripHoverAndClickOnViewPrintorEmailYourItinerary">
        <test-method status="SKIP" signature="verifySignInLink()[pri:0, instance:com.priceline.regressionSuite.Test0013_VerifyPriceLineMyTripHoverAndClickOnViewPrintorEmailYourItinerary@366e2eef]" name="verifySignInLink" duration-ms="0" started-at="2016-04-17T22:05:17Z" description="Verify Header Links" finished-at="2016-04-17T22:05:17Z">
          <reporter-output>
          </reporter-output>
        </test-method> <!-- verifySignInLink -->
        <test-method status="SKIP" signature="handleScreenShot(org.testng.ITestResult)[pri:0, instance:com.priceline.regressionSuite.Test0013_VerifyPriceLineMyTripHoverAndClickOnViewPrintorEmailYourItinerary@366e2eef]" name="handleScreenShot" is-config="true" duration-ms="0" started-at="2016-04-17T22:05:17Z" finished-at="2016-04-17T22:05:17Z">
          <reporter-output>
          </reporter-output>
        </test-method> <!-- handleScreenShot -->
      </class> <!-- com.priceline.regressionSuite.Test0013_VerifyPriceLineMyTripHoverAndClickOnViewPrintorEmailYourItinerary -->
      <class name="com.priceline.regressionSuite.Tc005_VerifyPrichLinePackagesLink">
        <test-method status="SKIP" signature="verifyPricelinecomLink()[pri:0, instance:com.priceline.regressionSuite.Tc005_VerifyPrichLinePackagesLink@735b478]" name="verifyPricelinecomLink" duration-ms="1" started-at="2016-04-17T22:05:17Z" description="Verify Header Links" finished-at="2016-04-17T22:05:17Z">
          <reporter-output>
          </reporter-output>
        </test-method> <!-- verifyPricelinecomLink -->
        <test-method status="SKIP" signature="handleScreenShot(org.testng.ITestResult)[pri:0, instance:com.priceline.regressionSuite.Tc005_VerifyPrichLinePackagesLink@735b478]" name="handleScreenShot" is-config="true" duration-ms="0" started-at="2016-04-17T22:05:17Z" finished-at="2016-04-17T22:05:17Z">
          <reporter-output>
          </reporter-output>
        </test-method> <!-- handleScreenShot -->
      </class> <!-- com.priceline.regressionSuite.Tc005_VerifyPrichLinePackagesLink -->
    </test> <!-- Test_chrome_windows -->
  </suite> <!-- Suite -->
</testng-results>
